  stdafx.cpp
  Textures.cpp
d:\work\team project - final assignment\source code\visual studio\projects\8_bit_barry\8_bit_barry\globals.hpp(5): fatal error C1083: Cannot open include file: 'SFML/Graphics.hpp': No such file or directory
  StateManager.cpp
d:\work\team project - final assignment\source code\visual studio\projects\8_bit_barry\8_bit_barry\statemanager.h(4): fatal error C1083: Cannot open include file: 'SFML/Graphics/Font.hpp': No such file or directory
  SpaceInvadersClone.cpp
d:\work\team project - final assignment\source code\visual studio\projects\8_bit_barry\8_bit_barry\spaceinvadersclone.cpp(3): fatal error C1083: Cannot open include file: 'SFML/Graphics.hpp': No such file or directory
  Snake.cpp
d:\work\team project - final assignment\source code\visual studio\projects\8_bit_barry\8_bit_barry\snake.h(4): fatal error C1083: Cannot open include file: 'SFML\Graphics.hpp': No such file or directory
  ShieldWall.cpp
d:\work\team project - final assignment\source code\visual studio\projects\8_bit_barry\8_bit_barry\barrier.hpp(4): fatal error C1083: Cannot open include file: 'SFML/Graphics.hpp': No such file or directory
  Shield.cpp
d:\work\team project - final assignment\source code\visual studio\projects\8_bit_barry\8_bit_barry\barrier.hpp(4): fatal error C1083: Cannot open include file: 'SFML/Graphics.hpp': No such file or directory
  Pong.cpp
d:\work\team project - final assignment\source code\visual studio\projects\8_bit_barry\8_bit_barry\pong.h(4): fatal error C1083: Cannot open include file: 'SFML\Graphics.hpp': No such file or directory
  PongGame.cpp
d:\work\team project - final assignment\source code\visual studio\projects\8_bit_barry\8_bit_barry\ponggame.h(6): fatal error C1083: Cannot open include file: 'SFML\Graphics.hpp': No such file or directory
  PlayerLaser.cpp
d:\work\team project - final assignment\source code\visual studio\projects\8_bit_barry\8_bit_barry\playerlaser.hpp(4): fatal error C1083: Cannot open include file: 'SFML/Graphics.hpp': No such file or directory
  Player.cpp
d:\work\team project - final assignment\source code\visual studio\projects\8_bit_barry\8_bit_barry\globals.hpp(5): fatal error C1083: Cannot open include file: 'SFML/Graphics.hpp': No such file or directory
  PacmanGame.cpp
d:\work\team project - final assignment\source code\visual studio\projects\8_bit_barry\8_bit_barry\statemanager.h(4): fatal error C1083: Cannot open include file: 'SFML/Graphics/Font.hpp': No such file or directory
  Pacman.cpp
d:\work\team project - final assignment\source code\visual studio\projects\8_bit_barry\8_bit_barry\pacmansprite.hpp(6): fatal error C1083: Cannot open include file: 'SFML/Graphics.hpp': No such file or directory
  NormalInvaderLaser.cpp
d:\work\team project - final assignment\source code\visual studio\projects\8_bit_barry\8_bit_barry\invaderlaser.hpp(4): fatal error C1083: Cannot open include file: 'SFML/Graphics.hpp': No such file or directory
  MainMenu.cpp
d:\work\team project - final assignment\source code\visual studio\projects\8_bit_barry\8_bit_barry\mainmenu.h(4): fatal error C1083: Cannot open include file: 'SFML\Graphics.hpp': No such file or directory
  LivesDisplay.cpp
d:\work\team project - final assignment\source code\visual studio\projects\8_bit_barry\8_bit_barry\livesdisplay.hpp(5): fatal error C1083: Cannot open include file: 'SFML/Graphics.hpp': No such file or directory
  InvaderFormation.cpp
d:\work\team project - final assignment\source code\visual studio\projects\8_bit_barry\8_bit_barry\globals.hpp(5): fatal error C1083: Cannot open include file: 'SFML/Graphics.hpp': No such file or directory
  Invader.cpp
d:\work\team project - final assignment\source code\visual studio\projects\8_bit_barry\8_bit_barry\invader.hpp(4): fatal error C1083: Cannot open include file: 'SFML/Graphics.hpp': No such file or directory
  Helicopter.cpp
d:\work\team project - final assignment\source code\visual studio\projects\8_bit_barry\8_bit_barry\helicopter.h(4): fatal error C1083: Cannot open include file: 'SFML\Graphics.hpp': No such file or directory
  globals.cpp
d:\work\team project - final assignment\source code\visual studio\projects\8_bit_barry\8_bit_barry\globals.hpp(5): fatal error C1083: Cannot open include file: 'SFML/Graphics.hpp': No such file or directory
  GameSetter.cpp
d:\work\team project - final assignment\source code\visual studio\projects\8_bit_barry\8_bit_barry\player.h(3): fatal error C1083: Cannot open include file: 'SFML/System/Vector2.hpp': No such file or directory
  Generating Code...
  Compiling...
  GameControl.cpp
d:\work\team project - final assignment\source code\visual studio\projects\8_bit_barry\8_bit_barry\player.h(3): fatal error C1083: Cannot open include file: 'SFML/System/Vector2.hpp': No such file or directory
  game.cpp
d:\work\team project - final assignment\source code\visual studio\projects\8_bit_barry\8_bit_barry\game.hpp(4): fatal error C1083: Cannot open include file: 'SFML/Graphics.hpp': No such file or directory
  Explosions.cpp
d:\work\team project - final assignment\source code\visual studio\projects\8_bit_barry\8_bit_barry\explosions.hpp(5): fatal error C1083: Cannot open include file: 'SFML/Graphics.hpp': No such file or directory
  ArcadeMenu.cpp
d:\work\team project - final assignment\source code\visual studio\projects\8_bit_barry\8_bit_barry\arcademenu.h(4): fatal error C1083: Cannot open include file: 'SFML\Graphics.hpp': No such file or directory
  8_Bit_Barry.cpp
d:\work\team project - final assignment\source code\visual studio\projects\8_bit_barry\8_bit_barry\snake.h(4): fatal error C1083: Cannot open include file: 'SFML\Graphics.hpp': No such file or directory
  Generating Code...
