c:\users\willp\documents\team project - final assignment\source code\visual studio\projects\8_bit_barry\8_bit_barry\debug\8_bit_barry.pch
c:\users\willp\documents\team project - final assignment\source code\visual studio\projects\8_bit_barry\8_bit_barry\debug\vc140.pdb
c:\users\willp\documents\team project - final assignment\source code\visual studio\projects\8_bit_barry\8_bit_barry\debug\vc140.idb
c:\users\willp\documents\team project - final assignment\source code\visual studio\projects\8_bit_barry\8_bit_barry\debug\stdafx.obj
c:\users\willp\documents\team project - final assignment\source code\visual studio\projects\8_bit_barry\8_bit_barry\debug\gamesetter.obj
c:\users\willp\documents\team project - final assignment\source code\visual studio\projects\8_bit_barry\8_bit_barry\debug\globals.obj
c:\users\willp\documents\team project - final assignment\source code\visual studio\projects\8_bit_barry\8_bit_barry\debug\helicopter.obj
c:\users\willp\documents\team project - final assignment\source code\visual studio\projects\8_bit_barry\8_bit_barry\debug\invader.obj
c:\users\willp\documents\team project - final assignment\source code\visual studio\projects\8_bit_barry\8_bit_barry\debug\invaderformation.obj
c:\users\willp\documents\team project - final assignment\source code\visual studio\projects\8_bit_barry\8_bit_barry\debug\livesdisplay.obj
c:\users\willp\documents\team project - final assignment\source code\visual studio\projects\8_bit_barry\8_bit_barry\debug\mainmenu.obj
c:\users\willp\documents\team project - final assignment\source code\visual studio\projects\8_bit_barry\8_bit_barry\debug\normalinvaderlaser.obj
c:\users\willp\documents\team project - final assignment\source code\visual studio\projects\8_bit_barry\8_bit_barry\debug\pacman.obj
c:\users\willp\documents\team project - final assignment\source code\visual studio\projects\8_bit_barry\8_bit_barry\debug\pacmangame.obj
c:\users\willp\documents\team project - final assignment\source code\visual studio\projects\8_bit_barry\8_bit_barry\debug\player.obj
c:\users\willp\documents\team project - final assignment\source code\visual studio\projects\8_bit_barry\8_bit_barry\debug\playerlaser.obj
c:\users\willp\documents\team project - final assignment\source code\visual studio\projects\8_bit_barry\8_bit_barry\debug\ponggame.obj
c:\users\willp\documents\team project - final assignment\source code\visual studio\projects\8_bit_barry\8_bit_barry\debug\pong.obj
c:\users\willp\documents\team project - final assignment\source code\visual studio\projects\8_bit_barry\8_bit_barry\debug\shield.obj
c:\users\willp\documents\team project - final assignment\source code\visual studio\projects\8_bit_barry\8_bit_barry\debug\shieldwall.obj
c:\users\willp\documents\team project - final assignment\source code\visual studio\projects\8_bit_barry\8_bit_barry\debug\snake.obj
c:\users\willp\documents\team project - final assignment\source code\visual studio\projects\8_bit_barry\8_bit_barry\debug\spaceinvadersclone.obj
c:\users\willp\documents\team project - final assignment\source code\visual studio\projects\8_bit_barry\8_bit_barry\debug\statemanager.obj
c:\users\willp\documents\team project - final assignment\source code\visual studio\projects\8_bit_barry\8_bit_barry\debug\textures.obj
c:\users\willp\documents\team project - final assignment\source code\visual studio\projects\8_bit_barry\8_bit_barry\debug\8_bit_barry.obj
c:\users\willp\documents\team project - final assignment\source code\visual studio\projects\8_bit_barry\8_bit_barry\debug\arcademenu.obj
c:\users\willp\documents\team project - final assignment\source code\visual studio\projects\8_bit_barry\8_bit_barry\debug\explosions.obj
c:\users\willp\documents\team project - final assignment\source code\visual studio\projects\8_bit_barry\8_bit_barry\debug\game.obj
c:\users\willp\documents\team project - final assignment\source code\visual studio\projects\8_bit_barry\8_bit_barry\debug\gamecontrol.obj
c:\users\willp\documents\team project - final assignment\source code\visual studio\projects\8_bit_barry\debug\8_bit_barry.ilk
c:\users\willp\documents\team project - final assignment\source code\visual studio\projects\8_bit_barry\debug\8_bit_barry.exe
c:\users\willp\documents\team project - final assignment\source code\visual studio\projects\8_bit_barry\debug\8_bit_barry.pdb
d:\work\team project - final assignment\source code\visual studio\projects\8_bit_barry\8_bit_barry\debug\8_bit_barry.obj
d:\work\team project - final assignment\source code\visual studio\projects\8_bit_barry\8_bit_barry\debug\arcademenu.obj
d:\work\team project - final assignment\source code\visual studio\projects\8_bit_barry\8_bit_barry\debug\explosions.obj
d:\work\team project - final assignment\source code\visual studio\projects\8_bit_barry\8_bit_barry\debug\game.obj
d:\work\team project - final assignment\source code\visual studio\projects\8_bit_barry\8_bit_barry\debug\gamecontrol.obj
d:\work\team project - final assignment\source code\visual studio\projects\8_bit_barry\8_bit_barry\debug\gamesetter.obj
d:\work\team project - final assignment\source code\visual studio\projects\8_bit_barry\8_bit_barry\debug\globals.obj
d:\work\team project - final assignment\source code\visual studio\projects\8_bit_barry\8_bit_barry\debug\helicopter.obj
d:\work\team project - final assignment\source code\visual studio\projects\8_bit_barry\8_bit_barry\debug\invader.obj
d:\work\team project - final assignment\source code\visual studio\projects\8_bit_barry\8_bit_barry\debug\invaderformation.obj
d:\work\team project - final assignment\source code\visual studio\projects\8_bit_barry\8_bit_barry\debug\livesdisplay.obj
d:\work\team project - final assignment\source code\visual studio\projects\8_bit_barry\8_bit_barry\debug\mainmenu.obj
d:\work\team project - final assignment\source code\visual studio\projects\8_bit_barry\8_bit_barry\debug\normalinvaderlaser.obj
d:\work\team project - final assignment\source code\visual studio\projects\8_bit_barry\8_bit_barry\debug\pacman.obj
d:\work\team project - final assignment\source code\visual studio\projects\8_bit_barry\8_bit_barry\debug\pacmangame.obj
d:\work\team project - final assignment\source code\visual studio\projects\8_bit_barry\8_bit_barry\debug\player.obj
d:\work\team project - final assignment\source code\visual studio\projects\8_bit_barry\8_bit_barry\debug\playerlaser.obj
d:\work\team project - final assignment\source code\visual studio\projects\8_bit_barry\8_bit_barry\debug\pong.obj
d:\work\team project - final assignment\source code\visual studio\projects\8_bit_barry\8_bit_barry\debug\ponggame.obj
d:\work\team project - final assignment\source code\visual studio\projects\8_bit_barry\8_bit_barry\debug\shield.obj
d:\work\team project - final assignment\source code\visual studio\projects\8_bit_barry\8_bit_barry\debug\shieldwall.obj
d:\work\team project - final assignment\source code\visual studio\projects\8_bit_barry\8_bit_barry\debug\snake.obj
d:\work\team project - final assignment\source code\visual studio\projects\8_bit_barry\8_bit_barry\debug\spaceinvadersclone.obj
d:\work\team project - final assignment\source code\visual studio\projects\8_bit_barry\8_bit_barry\debug\statemanager.obj
d:\work\team project - final assignment\source code\visual studio\projects\8_bit_barry\8_bit_barry\debug\stdafx.obj
d:\work\team project - final assignment\source code\visual studio\projects\8_bit_barry\8_bit_barry\debug\textures.obj
d:\work\team project - final assignment\source code\visual studio\projects\8_bit_barry\8_bit_barry\debug\8_bit_barry.pch
d:\work\team project - final assignment\source code\visual studio\projects\8_bit_barry\8_bit_barry\debug\vc140.idb
d:\work\team project - final assignment\source code\visual studio\projects\8_bit_barry\8_bit_barry\debug\vc140.pdb
d:\work\team project - final assignment\source code\visual studio\projects\8_bit_barry\debug\8_bit_barry.pdb
d:\work\team project - final assignment\source code\visual studio\projects\8_bit_barry\debug\8_bit_barry.exe
d:\work\team project - final assignment\source code\visual studio\projects\8_bit_barry\debug\8_bit_barry.ilk
d:\work\team project - final assignment\source code\visual studio\projects\8_bit_barry\8_bit_barry\debug\8_bit_barry.tlog\cl.command.1.tlog
d:\work\team project - final assignment\source code\visual studio\projects\8_bit_barry\8_bit_barry\debug\8_bit_barry.tlog\cl.read.1.tlog
d:\work\team project - final assignment\source code\visual studio\projects\8_bit_barry\8_bit_barry\debug\8_bit_barry.tlog\cl.write.1.tlog
d:\work\team project - final assignment\source code\visual studio\projects\8_bit_barry\8_bit_barry\debug\8_bit_barry.tlog\link.command.1.tlog
d:\work\team project - final assignment\source code\visual studio\projects\8_bit_barry\8_bit_barry\debug\8_bit_barry.tlog\link.read.1.tlog
d:\work\team project - final assignment\source code\visual studio\projects\8_bit_barry\8_bit_barry\debug\8_bit_barry.tlog\link.write.1.tlog
